2020/10/06 22:39:31 [error] 6316#4620: *28 directory index of "C:/dev/projects/blog/api/" is forbidden, client: 127.0.0.1, server: blog.localhost, request: "GET /api/ HTTP/1.1", host: "blog.localhost"
2020/10/07 00:27:50 [error] 6316#4620: *35 directory index of "C:/dev/projects/blog/" is forbidden, client: 192.168.1.33, server: blog.localhost, request: "GET / HTTP/1.1", host: "192.168.1.33"
2020/10/07 02:09:19 [error] 6316#4620: *66 FastCGI sent in stderr: "An Error occurred while handling another error:
yii\base\InvalidRouteException: Unable to resolve the request "site/error". in C:\dev\projects\blog\vendor\yiisoft\yii2\base\Module.php:537
Stack trace:
#0 C:\dev\projects\blog\vendor\yiisoft\yii2\web\ErrorHandler.php(109): yii\base\Module->runAction('site/error')
#1 C:\dev\projects\blog\vendor\yiisoft\yii2\base\ErrorHandler.php(135): yii\web\ErrorHandler->renderException(Object(yii\web\NotFoundHttpException))
#2 [internal function]: yii\base\ErrorHandler->handleException(Object(yii\web\NotFoundHttpException))
#3 {main}
Previous exception:
yii\base\InvalidRouteException: Unable to resolve the request "site/login". in C:\dev\projects\blog\vendor\yiisoft\yii2\base\Module.php:537
Stack trace:
#0 C:\dev\projects\blog\vendor\yiisoft\yii2\web\Application.php(103): yii\base\Module->runAction('site/login', Array)
#1 C:\dev\projects\blog\vendor\yiisoft\yii2\base\Application.php(386): yii\web\Application->handleRequest(Object(yii\web\Request))
#2 C:\dev\projects\blog\api\web\index.php(17): yii\base\Application->run()
#3 {main}

Next yii\web\NotFoundHttpException: Page not found. in C:\dev\projects\blog\vendor\yiisoft\yii2\web\Application.php:115
Stack trace:
#0 C:\dev\projects\blog\vendor\yiisoft\yii2\base\Application.php(386): yii\web\Application->handleRequest(Object(yii\web\Request))
#1 C:\dev\projects\blog\api\web\index.php(17): yii\base\Application->run()
#2 {main}
$_SERVER = [
    'ALLUSERSPROFILE' => 'C:\\ProgramData',
    'AMDAPPSDKROOT' => 'C:\\Program Files (x86)\\AMD APP\\',
    'APPDATA' => 'C:\\Users\\User\\AppData\\Roaming',
    'CommonProgramFiles' => 'C:\\Program Files\\Common Files',
    'CommonProgramFiles(x86)' => 'C:\\Program Files (x86)\\Common Files',
    'CommonProgramW6432' => 'C:\\Program Files\\Common Files',
    'COMPUTERNAME' => 'WIN-R208291RN9K',
    'ComSpec' => 'C:\\Windows\\system32\\cmd.exe',
    'EQ_LIBRARY_PATH' => 'C:\\Users\\User\\gcc\\x86_64-w64-mingw32\\lib',
    'FARH
2020/10/07 02:09:19 [error] 6316#4620: *66 FastCGI sent in stderr: "T',
    'Path' => 'C:\\dev\\php7.4.8;C:\\Users\\User\\gcc\\bin;C:\\Users\\User\\gcc\\libexec\\gcc\\x86_64-w64-mingw32\\9.2.0;C:\\Program Files (x86)\\AMD APP\\bin\\x86_64;C:\\Program Files (x86)\\AMD APP\\bin\\x86;C:\\Windows\\system32;C:\\Windows;C:\\Windows\\System32\\Wbem;C:\\Windows\\System32\\WindowsPowerShell\\v1.0\\;C:\\Program Files (x86)\\ATI Technologies\\ATI.ACE\\Core-Static;C:\\Program Files\\TortoiseGit\\bin;C:\\ProgramData\\ComposerSetup\\bin;C:\\Program Files\\Git\\cmd;C:\\Program Files\\Git\\mingw64\\bin;C:\\Program Files\\Git\\usr\\bin;C:\\dev\\mysql-8.0.18\\bin;C:\\Program Files (x86)\\Microsoft SQL Server\\150\\DTS\\Binn\\;C:\\Program Files\\MySQL\\MySQL Shell 8.0\\bin\\;C:\\Users\\User\\AppData\\Local\\Microsoft\\WindowsApps;C:\\Program Files\\heroku\\bin;C:\\Users\\User\\AppData\\Roaming\\Composer\\vendor\\bin;C:\\Users\\User\\AppData\\Local\\Programs\\Microsoft VS Code\\bin;C:\\Users\\User\\AppData\\Local\\GitHubDesktop\\bin;C:\\dev\\php7.4.8;C:\\Program Files\\JetBrains\\PhpStorm 2020.2.2\\bin;;C:\\Program Files\\MySQL\\MySQL Server 5.7\\bin;',
    'PATHEXT' => '.COM;.EXE;.BAT;.CMD;.VBS;.VBE;.JS;.JSE;.WSF;.WSH;.MSC',
    'PhpStorm' => 'C:\\Program Files\\JetBrains\\PhpStorm 2020.2.2\\bin;',
    'PROCESSOR_ARCHITECTURE' => 'AMD64',
    'PROCESSOR_IDENTIFIER' => 'Intel64 Family 6 Model 42 Stepping 7, GenuineIntel',
    'PROCESSOR_LEVEL' => '6',
    'PROCESSOR_REVISION' => '2a07',
    'ProgramData' => 'C:\\ProgramData',
    'ProgramFiles' => 'C:\\Program Files',
    'ProgramFiles(x86)' => 'C:\\Program Files (x86)',
    'ProgramW6432' => 'C:\\Program Files',
    'PROMPT' => '$P$G',
    'PSModulePath' => 'C:\\Program Files\\WindowsPowerShell\\Modules;C:\\Windows\\system32\\WindowsPowerShell\\v1.0\\Modules',
    'PUBLIC' => 'C:\\Users\\Public',
    'SESSIONNAME' => 'Console',
    'SystemDrive' => 'C:',
    'SystemRoot' => 'C:\\Windows',
    'TEMP' => 'C:\\Users\\User\\AppData\\Local\\Temp',
    'TMP' => 'C:\\Users\\User\\AppDat
2020/10/07 02:09:19 [error] 6316#4620: *66 FastCGI sent in stderr: "ST_METHOD' => 'GET',
    'QUERY_STRING' => 'r=site%2Flogin',
    'SCRIPT_FILENAME' => 'C:/dev/projects/blog/api/web/index.php',
    'FCGI_ROLE' => 'RESPONDER',
    'PHP_SELF' => '/api/web/index.php',
    'REQUEST_TIME_FLOAT' => 1602025759.093821,
    'REQUEST_TIME' => 1602025759,
]" while reading upstream, client: 127.0.0.1, server: blog.localhost, request: "GET /api/web/index.php?r=site%2Flogin HTTP/1.1", upstream: "fastcgi://127.0.0.1:9123", host: "blog.localhost"
2020/10/07 02:09:19 [error] 6316#4620: *66 directory index of "C:/dev/projects/blog/api/" is forbidden, client: 127.0.0.1, server: blog.localhost, request: "GET /api/ HTTP/1.1", host: "blog.localhost"
2020/10/07 02:09:33 [error] 6316#4620: *66 FastCGI sent in stderr: "An Error occurred while handling another error:
yii\base\InvalidRouteException: Unable to resolve the request "site/error". in C:\dev\projects\blog\vendor\yiisoft\yii2\base\Module.php:537
Stack trace:
#0 C:\dev\projects\blog\vendor\yiisoft\yii2\web\ErrorHandler.php(109): yii\base\Module->runAction('site/error')
#1 C:\dev\projects\blog\vendor\yiisoft\yii2\base\ErrorHandler.php(135): yii\web\ErrorHandler->renderException(Object(yii\web\NotFoundHttpException))
#2 [internal function]: yii\base\ErrorHandler->handleException(Object(yii\web\NotFoundHttpException))
#3 {main}
Previous exception:
yii\base\InvalidRouteException: Unable to resolve the request "". in C:\dev\projects\blog\vendor\yiisoft\yii2\base\Module.php:537
Stack trace:
#0 C:\dev\projects\blog\vendor\yiisoft\yii2\web\Application.php(103): yii\base\Module->runAction('', Array)
#1 C:\dev\projects\blog\vendor\yiisoft\yii2\base\Application.php(386): yii\web\Application->handleRequest(Object(yii\web\Request))
#2 C:\dev\projects\blog\api\web\index.php(17): yii\base\Application->run()
#3 {main}

Next yii\web\NotFoundHttpException: Page not found. in C:\dev\projects\blog\vendor\yiisoft\yii2\web\Application.php:115
Stack trace:
#0 C:\dev\projects\blog\vendor\yiisoft\yii2\base\Application.php(386): yii\web\Application->handleRequest(Object(yii\web\Request))
#1 C:\dev\projects\blog\api\web\index.php(17): yii\base\Application->run()
#2 {main}
$_SERVER = [
    'ALLUSERSPROFILE' => 'C:\\ProgramData',
    'AMDAPPSDKROOT' => 'C:\\Program Files (x86)\\AMD APP\\',
    'APPDATA' => 'C:\\Users\\User\\AppData\\Roaming',
    'CommonProgramFiles' => 'C:\\Program Files\\Common Files',
    'CommonProgramFiles(x86)' => 'C:\\Program Files (x86)\\Common Files',
    'CommonProgramW6432' => 'C:\\Program Files\\Common Files',
    'COMPUTERNAME' => 'WIN-R208291RN9K',
    'ComSpec' => 'C:\\Windows\\system32\\cmd.exe',
    'EQ_LIBRARY_PATH' => 'C:\\Users\\User\\gcc\\x86_64-w64-mingw32\\lib',
    'FARHOME' => 'C:\\Program
2020/10/07 02:09:33 [error] 6316#4620: *66 FastCGI sent in stderr: ";C:\\Users\\User\\gcc\\bin;C:\\Users\\User\\gcc\\libexec\\gcc\\x86_64-w64-mingw32\\9.2.0;C:\\Program Files (x86)\\AMD APP\\bin\\x86_64;C:\\Program Files (x86)\\AMD APP\\bin\\x86;C:\\Windows\\system32;C:\\Windows;C:\\Windows\\System32\\Wbem;C:\\Windows\\System32\\WindowsPowerShell\\v1.0\\;C:\\Program Files (x86)\\ATI Technologies\\ATI.ACE\\Core-Static;C:\\Program Files\\TortoiseGit\\bin;C:\\ProgramData\\ComposerSetup\\bin;C:\\Program Files\\Git\\cmd;C:\\Program Files\\Git\\mingw64\\bin;C:\\Program Files\\Git\\usr\\bin;C:\\dev\\mysql-8.0.18\\bin;C:\\Program Files (x86)\\Microsoft SQL Server\\150\\DTS\\Binn\\;C:\\Program Files\\MySQL\\MySQL Shell 8.0\\bin\\;C:\\Users\\User\\AppData\\Local\\Microsoft\\WindowsApps;C:\\Program Files\\heroku\\bin;C:\\Users\\User\\AppData\\Roaming\\Composer\\vendor\\bin;C:\\Users\\User\\AppData\\Local\\Programs\\Microsoft VS Code\\bin;C:\\Users\\User\\AppData\\Local\\GitHubDesktop\\bin;C:\\dev\\php7.4.8;C:\\Program Files\\JetBrains\\PhpStorm 2020.2.2\\bin;;C:\\Program Files\\MySQL\\MySQL Server 5.7\\bin;',
    'PATHEXT' => '.COM;.EXE;.BAT;.CMD;.VBS;.VBE;.JS;.JSE;.WSF;.WSH;.MSC',
    'PhpStorm' => 'C:\\Program Files\\JetBrains\\PhpStorm 2020.2.2\\bin;',
    'PROCESSOR_ARCHITECTURE' => 'AMD64',
    'PROCESSOR_IDENTIFIER' => 'Intel64 Family 6 Model 42 Stepping 7, GenuineIntel',
    'PROCESSOR_LEVEL' => '6',
    'PROCESSOR_REVISION' => '2a07',
    'ProgramData' => 'C:\\ProgramData',
    'ProgramFiles' => 'C:\\Program Files',
    'ProgramFiles(x86)' => 'C:\\Program Files (x86)',
    'ProgramW6432' => 'C:\\Program Files',
    'PROMPT' => '$P$G',
    'PSModulePath' => 'C:\\Program Files\\WindowsPowerShell\\Modules;C:\\Windows\\system32\\WindowsPowerShell\\v1.0\\Modules',
    'PUBLIC' => 'C:\\Users\\Public',
    'SESSIONNAME' => 'Console',
    'SystemDrive' => 'C:',
    'SystemRoot' => 'C:\\Windows',
    'TEMP' => 'C:\\Users\\User\\AppData\\Local\\Temp',
    'TMP' => 'C:\\Users\\User\\AppData\\Local\\Temp',
    'USERDOMAIN' =>
2020/10/07 02:09:33 [error] 6316#4620: *66 FastCGI sent in stderr: "ILENAME' => 'C:/dev/projects/blog/api/web/index.php',
    'FCGI_ROLE' => 'RESPONDER',
    'PHP_SELF' => '/api/web/index.php',
    'REQUEST_TIME_FLOAT' => 1602025773.843414,
    'REQUEST_TIME' => 1602025773,
]" while reading upstream, client: 127.0.0.1, server: blog.localhost, request: "GET /api/web/ HTTP/1.1", upstream: "fastcgi://127.0.0.1:9123", host: "blog.localhost"
2020/10/07 02:09:42 [error] 6316#4620: *66 FastCGI sent in stderr: "An Error occurred while handling another error:
yii\base\InvalidRouteException: Unable to resolve the request "site/error". in C:\dev\projects\blog\vendor\yiisoft\yii2\base\Module.php:537
Stack trace:
#0 C:\dev\projects\blog\vendor\yiisoft\yii2\web\ErrorHandler.php(109): yii\base\Module->runAction('site/error')
#1 C:\dev\projects\blog\vendor\yiisoft\yii2\base\ErrorHandler.php(135): yii\web\ErrorHandler->renderException(Object(yii\web\NotFoundHttpException))
#2 [internal function]: yii\base\ErrorHandler->handleException(Object(yii\web\NotFoundHttpException))
#3 {main}
Previous exception:
yii\base\InvalidRouteException: Unable to resolve the request "". in C:\dev\projects\blog\vendor\yiisoft\yii2\base\Module.php:537
Stack trace:
#0 C:\dev\projects\blog\vendor\yiisoft\yii2\web\Application.php(103): yii\base\Module->runAction('', Array)
#1 C:\dev\projects\blog\vendor\yiisoft\yii2\base\Application.php(386): yii\web\Application->handleRequest(Object(yii\web\Request))
#2 C:\dev\projects\blog\api\web\index.php(17): yii\base\Application->run()
#3 {main}

Next yii\web\NotFoundHttpException: Page not found. in C:\dev\projects\blog\vendor\yiisoft\yii2\web\Application.php:115
Stack trace:
#0 C:\dev\projects\blog\vendor\yiisoft\yii2\base\Application.php(386): yii\web\Application->handleRequest(Object(yii\web\Request))
#1 C:\dev\projects\blog\api\web\index.php(17): yii\base\Application->run()
#2 {main}
$_SERVER = [
    'ALLUSERSPROFILE' => 'C:\\ProgramData',
    'AMDAPPSDKROOT' => 'C:\\Program Files (x86)\\AMD APP\\',
    'APPDATA' => 'C:\\Users\\User\\AppData\\Roaming',
    'CommonProgramFiles' => 'C:\\Program Files\\Common Files',
    'CommonProgramFiles(x86)' => 'C:\\Program Files (x86)\\Common Files',
    'CommonProgramW6432' => 'C:\\Program Files\\Common Files',
    'COMPUTERNAME' => 'WIN-R208291RN9K',
    'ComSpec' => 'C:\\Windows\\system32\\cmd.exe',
    'EQ_LIBRARY_PATH' => 'C:\\Users\\User\\gcc\\x86_64-w64-mingw32\\lib',
    'FARHOME' => 'C:\\Program
2020/10/07 02:09:42 [error] 6316#4620: *66 FastCGI sent in stderr: ";C:\\Users\\User\\gcc\\bin;C:\\Users\\User\\gcc\\libexec\\gcc\\x86_64-w64-mingw32\\9.2.0;C:\\Program Files (x86)\\AMD APP\\bin\\x86_64;C:\\Program Files (x86)\\AMD APP\\bin\\x86;C:\\Windows\\system32;C:\\Windows;C:\\Windows\\System32\\Wbem;C:\\Windows\\System32\\WindowsPowerShell\\v1.0\\;C:\\Program Files (x86)\\ATI Technologies\\ATI.ACE\\Core-Static;C:\\Program Files\\TortoiseGit\\bin;C:\\ProgramData\\ComposerSetup\\bin;C:\\Program Files\\Git\\cmd;C:\\Program Files\\Git\\mingw64\\bin;C:\\Program Files\\Git\\usr\\bin;C:\\dev\\mysql-8.0.18\\bin;C:\\Program Files (x86)\\Microsoft SQL Server\\150\\DTS\\Binn\\;C:\\Program Files\\MySQL\\MySQL Shell 8.0\\bin\\;C:\\Users\\User\\AppData\\Local\\Microsoft\\WindowsApps;C:\\Program Files\\heroku\\bin;C:\\Users\\User\\AppData\\Roaming\\Composer\\vendor\\bin;C:\\Users\\User\\AppData\\Local\\Programs\\Microsoft VS Code\\bin;C:\\Users\\User\\AppData\\Local\\GitHubDesktop\\bin;C:\\dev\\php7.4.8;C:\\Program Files\\JetBrains\\PhpStorm 2020.2.2\\bin;;C:\\Program Files\\MySQL\\MySQL Server 5.7\\bin;',
    'PATHEXT' => '.COM;.EXE;.BAT;.CMD;.VBS;.VBE;.JS;.JSE;.WSF;.WSH;.MSC',
    'PhpStorm' => 'C:\\Program Files\\JetBrains\\PhpStorm 2020.2.2\\bin;',
    'PROCESSOR_ARCHITECTURE' => 'AMD64',
    'PROCESSOR_IDENTIFIER' => 'Intel64 Family 6 Model 42 Stepping 7, GenuineIntel',
    'PROCESSOR_LEVEL' => '6',
    'PROCESSOR_REVISION' => '2a07',
    'ProgramData' => 'C:\\ProgramData',
    'ProgramFiles' => 'C:\\Program Files',
    'ProgramFiles(x86)' => 'C:\\Program Files (x86)',
    'ProgramW6432' => 'C:\\Program Files',
    'PROMPT' => '$P$G',
    'PSModulePath' => 'C:\\Program Files\\WindowsPowerShell\\Modules;C:\\Windows\\system32\\WindowsPowerShell\\v1.0\\Modules',
    'PUBLIC' => 'C:\\Users\\Public',
    'SESSIONNAME' => 'Console',
    'SystemDrive' => 'C:',
    'SystemRoot' => 'C:\\Windows',
    'TEMP' => 'C:\\Users\\User\\AppData\\Local\\Temp',
    'TMP' => 'C:\\Users\\User\\AppData\\Local\\Temp',
    'USERDOMAIN' =>
2020/10/07 02:09:42 [error] 6316#4620: *66 FastCGI sent in stderr: ",
    'QUERY_STRING' => '',
    'SCRIPT_FILENAME' => 'C:/dev/projects/blog/api/web/index.php',
    'FCGI_ROLE' => 'RESPONDER',
    'PHP_SELF' => '/api/web/index.php',
    'REQUEST_TIME_FLOAT' => 1602025782.144188,
    'REQUEST_TIME' => 1602025782,
]" while reading upstream, client: 127.0.0.1, server: blog.localhost, request: "GET /api/web/ HTTP/1.1", upstream: "fastcgi://127.0.0.1:9123", host: "blog.localhost"
2020/10/07 02:09:43 [error] 6316#4620: *66 FastCGI sent in stderr: "An Error occurred while handling another error:
yii\base\InvalidRouteException: Unable to resolve the request "site/error". in C:\dev\projects\blog\vendor\yiisoft\yii2\base\Module.php:537
Stack trace:
#0 C:\dev\projects\blog\vendor\yiisoft\yii2\web\ErrorHandler.php(109): yii\base\Module->runAction('site/error')
#1 C:\dev\projects\blog\vendor\yiisoft\yii2\base\ErrorHandler.php(135): yii\web\ErrorHandler->renderException(Object(yii\web\NotFoundHttpException))
#2 [internal function]: yii\base\ErrorHandler->handleException(Object(yii\web\NotFoundHttpException))
#3 {main}
Previous exception:
yii\base\InvalidRouteException: Unable to resolve the request "". in C:\dev\projects\blog\vendor\yiisoft\yii2\base\Module.php:537
Stack trace:
#0 C:\dev\projects\blog\vendor\yiisoft\yii2\web\Application.php(103): yii\base\Module->runAction('', Array)
#1 C:\dev\projects\blog\vendor\yiisoft\yii2\base\Application.php(386): yii\web\Application->handleRequest(Object(yii\web\Request))
#2 C:\dev\projects\blog\api\web\index.php(17): yii\base\Application->run()
#3 {main}

Next yii\web\NotFoundHttpException: Page not found. in C:\dev\projects\blog\vendor\yiisoft\yii2\web\Application.php:115
Stack trace:
#0 C:\dev\projects\blog\vendor\yiisoft\yii2\base\Application.php(386): yii\web\Application->handleRequest(Object(yii\web\Request))
#1 C:\dev\projects\blog\api\web\index.php(17): yii\base\Application->run()
#2 {main}
$_SERVER = [
    'ALLUSERSPROFILE' => 'C:\\ProgramData',
    'AMDAPPSDKROOT' => 'C:\\Program Files (x86)\\AMD APP\\',
    'APPDATA' => 'C:\\Users\\User\\AppData\\Roaming',
    'CommonProgramFiles' => 'C:\\Program Files\\Common Files',
    'CommonProgramFiles(x86)' => 'C:\\Program Files (x86)\\Common Files',
    'CommonProgramW6432' => 'C:\\Program Files\\Common Files',
    'COMPUTERNAME' => 'WIN-R208291RN9K',
    'ComSpec' => 'C:\\Windows\\system32\\cmd.exe',
    'EQ_LIBRARY_PATH' => 'C:\\Users\\User\\gcc\\x86_64-w64-mingw32\\lib',
    'FARHOME' => 'C:\\Program
2020/10/07 02:09:43 [error] 6316#4620: *66 FastCGI sent in stderr: ";C:\\Users\\User\\gcc\\bin;C:\\Users\\User\\gcc\\libexec\\gcc\\x86_64-w64-mingw32\\9.2.0;C:\\Program Files (x86)\\AMD APP\\bin\\x86_64;C:\\Program Files (x86)\\AMD APP\\bin\\x86;C:\\Windows\\system32;C:\\Windows;C:\\Windows\\System32\\Wbem;C:\\Windows\\System32\\WindowsPowerShell\\v1.0\\;C:\\Program Files (x86)\\ATI Technologies\\ATI.ACE\\Core-Static;C:\\Program Files\\TortoiseGit\\bin;C:\\ProgramData\\ComposerSetup\\bin;C:\\Program Files\\Git\\cmd;C:\\Program Files\\Git\\mingw64\\bin;C:\\Program Files\\Git\\usr\\bin;C:\\dev\\mysql-8.0.18\\bin;C:\\Program Files (x86)\\Microsoft SQL Server\\150\\DTS\\Binn\\;C:\\Program Files\\MySQL\\MySQL Shell 8.0\\bin\\;C:\\Users\\User\\AppData\\Local\\Microsoft\\WindowsApps;C:\\Program Files\\heroku\\bin;C:\\Users\\User\\AppData\\Roaming\\Composer\\vendor\\bin;C:\\Users\\User\\AppData\\Local\\Programs\\Microsoft VS Code\\bin;C:\\Users\\User\\AppData\\Local\\GitHubDesktop\\bin;C:\\dev\\php7.4.8;C:\\Program Files\\JetBrains\\PhpStorm 2020.2.2\\bin;;C:\\Program Files\\MySQL\\MySQL Server 5.7\\bin;',
    'PATHEXT' => '.COM;.EXE;.BAT;.CMD;.VBS;.VBE;.JS;.JSE;.WSF;.WSH;.MSC',
    'PhpStorm' => 'C:\\Program Files\\JetBrains\\PhpStorm 2020.2.2\\bin;',
    'PROCESSOR_ARCHITECTURE' => 'AMD64',
    'PROCESSOR_IDENTIFIER' => 'Intel64 Family 6 Model 42 Stepping 7, GenuineIntel',
    'PROCESSOR_LEVEL' => '6',
    'PROCESSOR_REVISION' => '2a07',
    'ProgramData' => 'C:\\ProgramData',
    'ProgramFiles' => 'C:\\Program Files',
    'ProgramFiles(x86)' => 'C:\\Program Files (x86)',
    'ProgramW6432' => 'C:\\Program Files',
    'PROMPT' => '$P$G',
    'PSModulePath' => 'C:\\Program Files\\WindowsPowerShell\\Modules;C:\\Windows\\system32\\WindowsPowerShell\\v1.0\\Modules',
    'PUBLIC' => 'C:\\Users\\Public',
    'SESSIONNAME' => 'Console',
    'SystemDrive' => 'C:',
    'SystemRoot' => 'C:\\Windows',
    'TEMP' => 'C:\\Users\\User\\AppData\\Local\\Temp',
    'TMP' => 'C:\\Users\\User\\AppData\\Local\\Temp',
    'USERDOMAIN' =>
2020/10/07 02:09:43 [error] 6316#4620: *66 FastCGI sent in stderr: ",
    'QUERY_STRING' => '',
    'SCRIPT_FILENAME' => 'C:/dev/projects/blog/api/web/index.php',
    'FCGI_ROLE' => 'RESPONDER',
    'PHP_SELF' => '/api/web/index.php',
    'REQUEST_TIME_FLOAT' => 1602025783.047392,
    'REQUEST_TIME' => 1602025783,
]" while reading upstream, client: 127.0.0.1, server: blog.localhost, request: "GET /api/web/ HTTP/1.1", upstream: "fastcgi://127.0.0.1:9123", host: "blog.localhost"
2020/10/07 02:09:48 [error] 6316#4620: *66 FastCGI sent in stderr: "An Error occurred while handling another error:
yii\base\InvalidRouteException: Unable to resolve the request "site/error". in C:\dev\projects\blog\vendor\yiisoft\yii2\base\Module.php:537
Stack trace:
#0 C:\dev\projects\blog\vendor\yiisoft\yii2\web\ErrorHandler.php(109): yii\base\Module->runAction('site/error')
#1 C:\dev\projects\blog\vendor\yiisoft\yii2\base\ErrorHandler.php(135): yii\web\ErrorHandler->renderException(Object(yii\web\NotFoundHttpException))
#2 [internal function]: yii\base\ErrorHandler->handleException(Object(yii\web\NotFoundHttpException))
#3 {main}
Previous exception:
yii\base\InvalidRouteException: Unable to resolve the request "". in C:\dev\projects\blog\vendor\yiisoft\yii2\base\Module.php:537
Stack trace:
#0 C:\dev\projects\blog\vendor\yiisoft\yii2\web\Application.php(103): yii\base\Module->runAction('', Array)
#1 C:\dev\projects\blog\vendor\yiisoft\yii2\base\Application.php(386): yii\web\Application->handleRequest(Object(yii\web\Request))
#2 C:\dev\projects\blog\api\web\index.php(17): yii\base\Application->run()
#3 {main}

Next yii\web\NotFoundHttpException: Page not found. in C:\dev\projects\blog\vendor\yiisoft\yii2\web\Application.php:115
Stack trace:
#0 C:\dev\projects\blog\vendor\yiisoft\yii2\base\Application.php(386): yii\web\Application->handleRequest(Object(yii\web\Request))
#1 C:\dev\projects\blog\api\web\index.php(17): yii\base\Application->run()
#2 {main}
$_SERVER = [
    'ALLUSERSPROFILE' => 'C:\\ProgramData',
    'AMDAPPSDKROOT' => 'C:\\Program Files (x86)\\AMD APP\\',
    'APPDATA' => 'C:\\Users\\User\\AppData\\Roaming',
    'CommonProgramFiles' => 'C:\\Program Files\\Common Files',
    'CommonProgramFiles(x86)' => 'C:\\Program Files (x86)\\Common Files',
    'CommonProgramW6432' => 'C:\\Program Files\\Common Files',
    'COMPUTERNAME' => 'WIN-R208291RN9K',
    'ComSpec' => 'C:\\Windows\\system32\\cmd.exe',
    'EQ_LIBRARY_PATH' => 'C:\\Users\\User\\gcc\\x86_64-w64-mingw32\\lib',
    'FARHOME' => 'C:\\Program
2020/10/07 02:09:48 [error] 6316#4620: *66 FastCGI sent in stderr: ";C:\\Users\\User\\gcc\\bin;C:\\Users\\User\\gcc\\libexec\\gcc\\x86_64-w64-mingw32\\9.2.0;C:\\Program Files (x86)\\AMD APP\\bin\\x86_64;C:\\Program Files (x86)\\AMD APP\\bin\\x86;C:\\Windows\\system32;C:\\Windows;C:\\Windows\\System32\\Wbem;C:\\Windows\\System32\\WindowsPowerShell\\v1.0\\;C:\\Program Files (x86)\\ATI Technologies\\ATI.ACE\\Core-Static;C:\\Program Files\\TortoiseGit\\bin;C:\\ProgramData\\ComposerSetup\\bin;C:\\Program Files\\Git\\cmd;C:\\Program Files\\Git\\mingw64\\bin;C:\\Program Files\\Git\\usr\\bin;C:\\dev\\mysql-8.0.18\\bin;C:\\Program Files (x86)\\Microsoft SQL Server\\150\\DTS\\Binn\\;C:\\Program Files\\MySQL\\MySQL Shell 8.0\\bin\\;C:\\Users\\User\\AppData\\Local\\Microsoft\\WindowsApps;C:\\Program Files\\heroku\\bin;C:\\Users\\User\\AppData\\Roaming\\Composer\\vendor\\bin;C:\\Users\\User\\AppData\\Local\\Programs\\Microsoft VS Code\\bin;C:\\Users\\User\\AppData\\Local\\GitHubDesktop\\bin;C:\\dev\\php7.4.8;C:\\Program Files\\JetBrains\\PhpStorm 2020.2.2\\bin;;C:\\Program Files\\MySQL\\MySQL Server 5.7\\bin;',
    'PATHEXT' => '.COM;.EXE;.BAT;.CMD;.VBS;.VBE;.JS;.JSE;.WSF;.WSH;.MSC',
    'PhpStorm' => 'C:\\Program Files\\JetBrains\\PhpStorm 2020.2.2\\bin;',
    'PROCESSOR_ARCHITECTURE' => 'AMD64',
    'PROCESSOR_IDENTIFIER' => 'Intel64 Family 6 Model 42 Stepping 7, GenuineIntel',
    'PROCESSOR_LEVEL' => '6',
    'PROCESSOR_REVISION' => '2a07',
    'ProgramData' => 'C:\\ProgramData',
    'ProgramFiles' => 'C:\\Program Files',
    'ProgramFiles(x86)' => 'C:\\Program Files (x86)',
    'ProgramW6432' => 'C:\\Program Files',
    'PROMPT' => '$P$G',
    'PSModulePath' => 'C:\\Program Files\\WindowsPowerShell\\Modules;C:\\Windows\\system32\\WindowsPowerShell\\v1.0\\Modules',
    'PUBLIC' => 'C:\\Users\\Public',
    'SESSIONNAME' => 'Console',
    'SystemDrive' => 'C:',
    'SystemRoot' => 'C:\\Windows',
    'TEMP' => 'C:\\Users\\User\\AppData\\Local\\Temp',
    'TMP' => 'C:\\Users\\User\\AppData\\Local\\Temp',
    'USERDOMAIN' =>
2020/10/07 02:09:48 [error] 6316#4620: *66 FastCGI sent in stderr: "'SCRIPT_FILENAME' => 'C:/dev/projects/blog/api/web/index.php',
    'FCGI_ROLE' => 'RESPONDER',
    'PHP_SELF' => '/api/web/index.php',
    'REQUEST_TIME_FLOAT' => 1602025788.569406,
    'REQUEST_TIME' => 1602025788,
]" while reading upstream, client: 127.0.0.1, server: blog.localhost, request: "GET /api/web/index.php HTTP/1.1", upstream: "fastcgi://127.0.0.1:9123", host: "blog.localhost"
2020/10/07 09:26:03 [error] 6316#4620: *108 directory index of "C:/dev/projects/blog/" is forbidden, client: 192.168.1.33, server: blog.localhost, request: "GET / HTTP/1.1", host: "192.168.1.33"
2020/10/07 13:26:03 [error] 4488#2728: *84 directory index of "C:/dev/projects/blog/" is forbidden, client: 192.168.1.33, server: blog.localhost, request: "GET / HTTP/1.1", host: "192.168.1.33"
2020/10/08 16:44:01 [error] 2804#14156: *10 WSARecv() failed (10054: An existing connection was forcibly closed by the remote host) while reading response header from upstream, client: 127.0.0.1, server: blog.localhost, request: "GET /frontend/web/debug/default/toolbar?tag=5f7f17a049d72 HTTP/1.1", upstream: "fastcgi://127.0.0.1:9123", host: "blog.localhost", referrer: "http://blog.localhost/site/login"
2020/10/08 16:44:39 [error] 7916#10916: *1 connect() failed (10061: No connection could be made because the target machine actively refused it) while connecting to upstream, client: 127.0.0.1, server: blog.localhost, request: "GET /site/login HTTP/1.1", upstream: "fastcgi://127.0.0.1:9123", host: "blog.localhost"
2020/10/09 01:33:33 [error] 8448#10468: *193 FastCGI sent in stderr: "An Error occurred while handling another error:
yii\web\HeadersAlreadySentException: Headers already sent in C:\dev\projects\blog\frontend\modules\api\controllers\UserController.php on line 40. in C:\dev\projects\blog\vendor\yiisoft\yii2\web\Response.php:366
Stack trace:
#0 C:\dev\projects\blog\vendor\yiisoft\yii2\web\Response.php(339): yii\web\Response->sendHeaders()
#1 C:\dev\projects\blog\vendor\yiisoft\yii2\web\ErrorHandler.php(136): yii\web\Response->send()
#2 C:\dev\projects\blog\vendor\yiisoft\yii2\base\ErrorHandler.php(135): yii\web\ErrorHandler->renderException(Object(yii\web\HeadersAlreadySentException))
#3 [internal function]: yii\base\ErrorHandler->handleException(Object(yii\web\HeadersAlreadySentException))
#4 {main}
Previous exception:
yii\web\HeadersAlreadySentException: Headers already sent in C:\dev\projects\blog\frontend\modules\api\controllers\UserController.php on line 40. in C:\dev\projects\blog\vendor\yiisoft\yii2\web\Response.php:366
Stack trace:
#0 C:\dev\projects\blog\vendor\yiisoft\yii2\web\Response.php(339): yii\web\Response->sendHeaders()
#1 C:\dev\projects\blog\vendor\yiisoft\yii2\base\Application.php(392): yii\web\Response->send()
#2 C:\dev\projects\blog\frontend\web\index.php(17): yii\base\Application->run()
#3 {main}
$_SERVER = [
    'ALLUSERSPROFILE' => 'C:\\ProgramData',
    'AMDAPPSDKROOT' => 'C:\\Program Files (x86)\\AMD APP\\',
    'APPDATA' => 'C:\\Users\\User\\AppData\\Roaming',
    'CommonProgramFiles' => 'C:\\Program Files\\Common Files',
    'CommonProgramFiles(x86)' => 'C:\\Program Files (x86)\\Common Files',
    'CommonProgramW6432' => 'C:\\Program Files\\Common Files',
    'COMPUTERNAME' => 'WIN-R208291RN9K',
    'ComSpec' => 'C:\\Windows\\system32\\cmd.exe',
    'EQ_LIBRARY_PATH' => 'C:\\Users\\User\\gcc\\x86_64-w64-mingw32\\lib',
    'FARHOME' => 'C:\\Program Files (x86)\\Far',
    'FARLANG' => 'English',
    'FARLOCALPROFILE' => 'C:\\Users\\User\\AppData\\Local\\Far Manager\\Profile',
    'FARPR
2020/10/09 01:33:33 [error] 8448#10468: *193 FastCGI sent in stderr: "m;C:\\Windows\\System32\\WindowsPowerShell\\v1.0\\;C:\\Program Files (x86)\\ATI Technologies\\ATI.ACE\\Core-Static;C:\\Program Files\\TortoiseGit\\bin;C:\\ProgramData\\ComposerSetup\\bin;C:\\Program Files\\Git\\cmd;C:\\Program Files\\Git\\mingw64\\bin;C:\\Program Files\\Git\\usr\\bin;C:\\dev\\mysql-8.0.18\\bin;C:\\Program Files (x86)\\Microsoft SQL Server\\150\\DTS\\Binn\\;C:\\Program Files\\MySQL\\MySQL Shell 8.0\\bin\\;C:\\Users\\User\\AppData\\Local\\Microsoft\\WindowsApps;C:\\Program Files\\heroku\\bin;C:\\Users\\User\\AppData\\Roaming\\Composer\\vendor\\bin;C:\\Users\\User\\AppData\\Local\\Programs\\Microsoft VS Code\\bin;C:\\Users\\User\\AppData\\Local\\GitHubDesktop\\bin;C:\\dev\\php7.4.8;C:\\Program Files\\JetBrains\\PhpStorm 2020.2.2\\bin;;C:\\Program Files\\MySQL\\MySQL Server 5.7\\bin;',
    'PATHEXT' => '.COM;.EXE;.BAT;.CMD;.VBS;.VBE;.JS;.JSE;.WSF;.WSH;.MSC',
    'PhpStorm' => 'C:\\Program Files\\JetBrains\\PhpStorm 2020.2.2\\bin;',
    'PROCESSOR_ARCHITECTURE' => 'AMD64',
    'PROCESSOR_IDENTIFIER' => 'Intel64 Family 6 Model 42 Stepping 7, GenuineIntel',
    'PROCESSOR_LEVEL' => '6',
    'PROCESSOR_REVISION' => '2a07',
    'ProgramData' => 'C:\\ProgramData',
    'ProgramFiles' => 'C:\\Program Files',
    'ProgramFiles(x86)' => 'C:\\Program Files (x86)',
    'ProgramW6432' => 'C:\\Program Files',
    'PROMPT' => '$P$G',
    'PSModulePath' => 'C:\\Program Files\\WindowsPowerShell\\Modules;C:\\Windows\\system32\\WindowsPowerShell\\v1.0\\Modules',
    'PUBLIC' => 'C:\\Users\\Public',
    'SESSIONNAME' => 'Console',
    'SystemDrive' => 'C:',
    'SystemRoot' => 'C:\\Windows',
    'TEMP' => 'C:\\Users\\User\\AppData\\Local\\Temp',
    'TMP' => 'C:\\Users\\User\\AppData\\Local\\Temp',
    'USERDOMAIN' => 'WIN-R208291RN9K',
    'USERDOMAIN_ROAMINGPROFILE' => 'WIN-R208291RN9K',
    'USERNAME' => 'User',
    'USERPROFILE' => 'C:\\Users\\User',
    'VS160COMCOMNTOOLS' => 'C:\\Program Files (x86)\\Microsoft Visual Studio\\2019\\Community\\C
2020/10/09 13:01:32 [error] 8448#10468: *421 FastCGI sent in stderr: "An Error occurred while handling another error:
yii\base\InvalidConfigException: User::identityClass must be set. in C:\dev\projects\blog\vendor\yiisoft\yii2\web\User.php:165
Stack trace:
#0 C:\dev\projects\blog\vendor\yiisoft\yii2\base\BaseObject.php(109): yii\web\User->init()
#1 [internal function]: yii\base\BaseObject->__construct(Array)
#2 C:\dev\projects\blog\vendor\yiisoft\yii2\di\Container.php(398): ReflectionClass->newInstanceArgs(Array)
#3 C:\dev\projects\blog\vendor\yiisoft\yii2\di\Container.php(165): yii\di\Container->build('yii\\web\\User', Array, Array)
#4 C:\dev\projects\blog\vendor\yiisoft\yii2\BaseYii.php(365): yii\di\Container->get('yii\\web\\User', Array, Array)
#5 C:\dev\projects\blog\vendor\yiisoft\yii2\di\ServiceLocator.php(137): yii\BaseYii::createObject(Array)
#6 C:\dev\projects\blog\vendor\yiisoft\yii2\base\Module.php(742): yii\di\ServiceLocator->get('user', true)
#7 C:\dev\projects\blog\vendor\yiisoft\yii2\di\Instance.php(164): yii\base\Module->get('user')
#8 C:\dev\projects\blog\vendor\yiisoft\yii2\di\Instance.php(137): yii\di\Instance->get(NULL)
#9 C:\dev\projects\blog\vendor\yiisoft\yii2\filters\AccessControl.php(102): yii\di\Instance::ensure(Object(yii\di\Instance), 'yii\\web\\User')
#10 C:\dev\projects\blog\vendor\yiisoft\yii2\base\BaseObject.php(109): yii\filters\AccessControl->init()
#11 [internal function]: yii\base\BaseObject->__construct(Array)
#12 C:\dev\projects\blog\vendor\yiisoft\yii2\di\Container.php(406): ReflectionClass->newInstanceArgs(Array)
#13 C:\dev\projects\blog\vendor\yiisoft\yii2\di\Container.php(165): yii\di\Container->build('yii\\filters\\Acc...', Array, Array)
#14 C:\dev\projects\blog\vendor\yiisoft\yii2\BaseYii.php(365): yii\di\Container->get('yii\\filters\\Acc...', Array, Array)
#15 C:\dev\projects\blog\vendor\yiisoft\yii2\base\Component.php(750): yii\BaseYii::createObject(Array)
#16 C:\dev\projects\blog\vendor\yiisoft\yii2\base\Component.php(734): yii\base\Component->attachBehaviorIntern
2020/10/09 13:01:32 [error] 8448#10468: *421 FastCGI sent in stderr: "   'CommonProgramW6432' => 'C:\\Program Files\\Common Files',
    'COMPUTERNAME' => 'WIN-R208291RN9K',
    'ComSpec' => 'C:\\Windows\\system32\\cmd.exe',
    'EQ_LIBRARY_PATH' => 'C:\\Users\\User\\gcc\\x86_64-w64-mingw32\\lib',
    'FARHOME' => 'C:\\Program Files (x86)\\Far',
    'FARLANG' => 'English',
    'FARLOCALPROFILE' => 'C:\\Users\\User\\AppData\\Local\\Far Manager\\Profile',
    'FARPROFILE' => 'C:\\Users\\User\\AppData\\Roaming\\Far Manager\\Profile',
    'HOMEDRIVE' => 'C:',
    'HOMEPATH' => '\\Users\\User',
    'LOCALAPPDATA' => 'C:\\Users\\User\\AppData\\Local',
    'LOGONSERVER' => '\\\\WIN-R208291RN9K',
    'NUMBER_OF_PROCESSORS' => '4',
    'OneDrive' => 'C:\\Users\\User\\OneDrive',
    'OS' => 'Windows_NT',
    'Path' => 'C:\\dev\\php7.4.8;C:\\Users\\User\\gcc\\bin;C:\\Users\\User\\gcc\\libexec\\gcc\\x86_64-w64-mingw32\\9.2.0;C:\\Program Files (x86)\\AMD APP\\bin\\x86_64;C:\\Program Files (x86)\\AMD APP\\bin\\x86;C:\\Windows\\system32;C:\\Windows;C:\\Windows\\System32\\Wbem;C:\\Windows\\System32\\WindowsPowerShell\\v1.0\\;C:\\Program Files (x86)\\ATI Technologies\\ATI.ACE\\Core-Static;C:\\Program Files\\TortoiseGit\\bin;C:\\ProgramData\\ComposerSetup\\bin;C:\\Program Files\\Git\\cmd;C:\\Program Files\\Git\\mingw64\\bin;C:\\Program Files\\Git\\usr\\bin;C:\\dev\\mysql-8.0.18\\bin;C:\\Program Files (x86)\\Microsoft SQL Server\\150\\DTS\\Binn\\;C:\\Program Files\\MySQL\\MySQL Shell 8.0\\bin\\;C:\\Users\\User\\AppData\\Local\\Microsoft\\WindowsApps;C:\\Program Files\\heroku\\bin;C:\\Users\\User\\AppData\\Roaming\\Composer\\vendor\\bin;C:\\Users\\User\\AppData\\Local\\Programs\\Microsoft VS Code\\bin;C:\\Users\\User\\AppData\\Local\\GitHubDesktop\\bin;C:\\dev\\php7.4.8;C:\\Program Files\\JetBrains\\PhpStorm 2020.2.2\\bin;;C:\\Program Files\\MySQL\\MySQL Server 5.7\\bin;',
    'PATHEXT' => '.COM;.EXE;.BAT;.CMD;.VBS;.VBE;.JS;.JSE;.WSF;.WSH;.MSC',
    'PhpStorm' => 'C:\\Program Files\\JetBrains\\PhpStorm 2020.2.2\\bin;',
    'PROCESS
2020/10/09 13:01:32 [error] 8448#10468: *421 FastCGI sent in stderr: "rojects/blog',
    'DOCUMENT_URI' => '/frontend/web/index.php',
    'REQUEST_URI' => '/api/user/auth',
    'SCRIPT_NAME' => '/frontend/web/index.php',
    'CONTENT_LENGTH' => '282',
    'CONTENT_TYPE' => 'multipart/form-data; boundary=--------------------------634493277716237634375344',
    'REQUEST_METHOD' => 'POST',
    'QUERY_STRING' => '',
    'SCRIPT_FILENAME' => 'C:/dev/projects/blog/frontend/web/index.php',
    'FCGI_ROLE' => 'RESPONDER',
    'PHP_SELF' => '/frontend/web/index.php',
    'REQUEST_TIME_FLOAT' => 1602237692.720447,
    'REQUEST_TIME' => 1602237692,
]" while reading upstream, client: 127.0.0.1, server: blog.localhost, request: "POST /api/user/auth HTTP/1.1", upstream: "fastcgi://127.0.0.1:9123", host: "blog.localhost"
2020/10/09 13:02:00 [error] 8448#10468: *423 FastCGI sent in stderr: "An Error occurred while handling another error:
yii\base\InvalidConfigException: User::identityClass must be set. in C:\dev\projects\blog\vendor\yiisoft\yii2\web\User.php:165
Stack trace:
#0 C:\dev\projects\blog\vendor\yiisoft\yii2\base\BaseObject.php(109): yii\web\User->init()
#1 [internal function]: yii\base\BaseObject->__construct(Array)
#2 C:\dev\projects\blog\vendor\yiisoft\yii2\di\Container.php(398): ReflectionClass->newInstanceArgs(Array)
#3 C:\dev\projects\blog\vendor\yiisoft\yii2\di\Container.php(165): yii\di\Container->build('yii\\web\\User', Array, Array)
#4 C:\dev\projects\blog\vendor\yiisoft\yii2\BaseYii.php(365): yii\di\Container->get('yii\\web\\User', Array, Array)
#5 C:\dev\projects\blog\vendor\yiisoft\yii2\di\ServiceLocator.php(137): yii\BaseYii::createObject(Array)
#6 C:\dev\projects\blog\vendor\yiisoft\yii2\base\Module.php(742): yii\di\ServiceLocator->get('user', true)
#7 C:\dev\projects\blog\vendor\yiisoft\yii2\di\Instance.php(164): yii\base\Module->get('user')
#8 C:\dev\projects\blog\vendor\yiisoft\yii2\di\Instance.php(137): yii\di\Instance->get(NULL)
#9 C:\dev\projects\blog\vendor\yiisoft\yii2\filters\AccessControl.php(102): yii\di\Instance::ensure(Object(yii\di\Instance), 'yii\\web\\User')
#10 C:\dev\projects\blog\vendor\yiisoft\yii2\base\BaseObject.php(109): yii\filters\AccessControl->init()
#11 [internal function]: yii\base\BaseObject->__construct(Array)
#12 C:\dev\projects\blog\vendor\yiisoft\yii2\di\Container.php(406): ReflectionClass->newInstanceArgs(Array)
#13 C:\dev\projects\blog\vendor\yiisoft\yii2\di\Container.php(165): yii\di\Container->build('yii\\filters\\Acc...', Array, Array)
#14 C:\dev\projects\blog\vendor\yiisoft\yii2\BaseYii.php(365): yii\di\Container->get('yii\\filters\\Acc...', Array, Array)
#15 C:\dev\projects\blog\vendor\yiisoft\yii2\base\Component.php(750): yii\BaseYii::createObject(Array)
#16 C:\dev\projects\blog\vendor\yiisoft\yii2\base\Component.php(734): yii\base\Component->attachBehaviorIntern
2020/10/09 13:02:01 [error] 8448#10468: *423 FastCGI sent in stderr: "C:\\ProgramData',
    'AMDAPPSDKROOT' => 'C:\\Program Files (x86)\\AMD APP\\',
    'APPDATA' => 'C:\\Users\\User\\AppData\\Roaming',
    'CommonProgramFiles' => 'C:\\Program Files\\Common Files',
    'CommonProgramFiles(x86)' => 'C:\\Program Files (x86)\\Common Files',
    'CommonProgramW6432' => 'C:\\Program Files\\Common Files',
    'COMPUTERNAME' => 'WIN-R208291RN9K',
    'ComSpec' => 'C:\\Windows\\system32\\cmd.exe',
    'EQ_LIBRARY_PATH' => 'C:\\Users\\User\\gcc\\x86_64-w64-mingw32\\lib',
    'FARHOME' => 'C:\\Program Files (x86)\\Far',
    'FARLANG' => 'English',
    'FARLOCALPROFILE' => 'C:\\Users\\User\\AppData\\Local\\Far Manager\\Profile',
    'FARPROFILE' => 'C:\\Users\\User\\AppData\\Roaming\\Far Manager\\Profile',
    'HOMEDRIVE' => 'C:',
    'HOMEPATH' => '\\Users\\User',
    'LOCALAPPDATA' => 'C:\\Users\\User\\AppData\\Local',
    'LOGONSERVER' => '\\\\WIN-R208291RN9K',
    'NUMBER_OF_PROCESSORS' => '4',
    'OneDrive' => 'C:\\Users\\User\\OneDrive',
    'OS' => 'Windows_NT',
    'Path' => 'C:\\dev\\php7.4.8;C:\\Users\\User\\gcc\\bin;C:\\Users\\User\\gcc\\libexec\\gcc\\x86_64-w64-mingw32\\9.2.0;C:\\Program Files (x86)\\AMD APP\\bin\\x86_64;C:\\Program Files (x86)\\AMD APP\\bin\\x86;C:\\Windows\\system32;C:\\Windows;C:\\Windows\\System32\\Wbem;C:\\Windows\\System32\\WindowsPowerShell\\v1.0\\;C:\\Program Files (x86)\\ATI Technologies\\ATI.ACE\\Core-Static;C:\\Program Files\\TortoiseGit\\bin;C:\\ProgramData\\ComposerSetup\\bin;C:\\Program Files\\Git\\cmd;C:\\Program Files\\Git\\mingw64\\bin;C:\\Program Files\\Git\\usr\\bin;C:\\dev\\mysql-8.0.18\\bin;C:\\Program Files (x86)\\Microsoft SQL Server\\150\\DTS\\Binn\\;C:\\Program Files\\MySQL\\MySQL Shell 8.0\\bin\\;C:\\Users\\User\\AppData\\Local\\Microsoft\\WindowsApps;C:\\Program Files\\heroku\\bin;C:\\Users\\User\\AppData\\Roaming\\Composer\\vendor\\bin;C:\\Users\\User\\AppData\\Local\\Programs\\Microsoft VS Code\\bin;C:\\Users\\User\\AppData\\Local\\GitHubDesktop\\bin;C:\\dev\\php7
2020/10/09 13:02:01 [error] 8448#10468: *423 FastCGI sent in stderr: "',
    'HTTP_ACCEPT_ENCODING' => 'gzip, deflate, br',
    'HTTP_SEC_FETCH_DEST' => 'document',
    'HTTP_SEC_FETCH_USER' => '?1',
    'HTTP_SEC_FETCH_MODE' => 'navigate',
    'HTTP_SEC_FETCH_SITE' => 'none',
    'HTTP_ACCEPT' => 'text/html,application/xhtml+xml,application/xml;q=0.9,image/avif,image/webp,image/apng,*/*;q=0.8,application/signed-exchange;v=b3;q=0.9',
    'HTTP_USER_AGENT' => 'Mozilla/5.0 (Windows NT 10.0; Win64; x64) AppleWebKit/537.36 (KHTML, like Gecko) Chrome/85.0.4183.121 Safari/537.36',
    'HTTP_UPGRADE_INSECURE_REQUESTS' => '1',
    'HTTP_CACHE_CONTROL' => 'max-age=0',
    'HTTP_CONNECTION' => 'keep-alive',
    'HTTP_HOST' => 'blog.localhost',
    'REDIRECT_STATUS' => '200',
    'SERVER_NAME' => 'blog.localhost',
    'SERVER_PORT' => '80',
    'SERVER_ADDR' => '127.0.0.1',
    'REMOTE_PORT' => '60899',
    'REMOTE_ADDR' => '127.0.0.1',
    'SERVER_SOFTWARE' => 'nginx/1.19.3',
    'GATEWAY_INTERFACE' => 'CGI/1.1',
    'REQUEST_SCHEME' => 'http',
    'SERVER_PROTOCOL' => 'HTTP/1.1',
    'DOCUMENT_ROOT' => 'C:/dev/projects/blog',
    'DOCUMENT_URI' => '/frontend/web/index.php',
    'REQUEST_URI' => '/api/user/auth/email/test@test.test',
    'SCRIPT_NAME' => '/frontend/web/index.php',
    'CONTENT_LENGTH' => '',
    'CONTENT_TYPE' => '',
    'REQUEST_METHOD' => 'GET',
    'QUERY_STRING' => '',
    'SCRIPT_FILENAME' => 'C:/dev/projects/blog/frontend/web/index.php',
    'FCGI_ROLE' => 'RESPONDER',
    'PHP_SELF' => '/frontend/web/index.php',
    'REQUEST_TIME_FLOAT' => 1602237720.933419,
    'REQUEST_TIME' => 1602237720,
]" while reading upstream, client: 127.0.0.1, server: blog.localhost, request: "GET /api/user/auth/email/test@test.test HTTP/1.1", upstream: "fastcgi://127.0.0.1:9123", host: "blog.localhost"
2020/10/09 19:49:51 [error] 8364#8356: *122 connect() failed (10061: No connection could be made because the target machine actively refused it) while connecting to upstream, client: 127.0.0.1, server: blog.localhost, request: "POST /admin/gii/form HTTP/1.1", upstream: "fastcgi://127.0.0.1:9123", host: "blog.localhost", referrer: "http://blog.localhost/admin/gii/form"
2020/10/10 02:52:48 [error] 8364#8356: *823 connect() failed (10061: No connection could be made because the target machine actively refused it) while connecting to upstream, client: 127.0.0.1, server: blog.localhost, request: "GET /admin/debug/default/toolbar?tag=5f80f7ce823e2 HTTP/1.1", upstream: "fastcgi://127.0.0.1:9123", host: "blog.localhost", referrer: "http://blog.localhost/admin/site/login"
2020/10/10 02:53:45 [error] 8364#8356: *823 connect() failed (10061: No connection could be made because the target machine actively refused it) while connecting to upstream, client: 127.0.0.1, server: blog.localhost, request: "POST /admin/site/login HTTP/1.1", upstream: "fastcgi://127.0.0.1:9123", host: "blog.localhost", referrer: "http://blog.localhost/admin/site/login"
2020/10/10 06:09:53 [error] 8364#8356: *1229 FastCGI sent in stderr: "An Error occurred while handling another error:
yii\web\HeadersAlreadySentException: Headers already sent in C:\dev\projects\blog\frontend\modules\api\controllers\PostController.php on line 52. in C:\dev\projects\blog\vendor\yiisoft\yii2\web\Response.php:366
Stack trace:
#0 C:\dev\projects\blog\vendor\yiisoft\yii2\web\Response.php(339): yii\web\Response->sendHeaders()
#1 C:\dev\projects\blog\vendor\yiisoft\yii2\web\ErrorHandler.php(136): yii\web\Response->send()
#2 C:\dev\projects\blog\vendor\yiisoft\yii2\base\ErrorHandler.php(135): yii\web\ErrorHandler->renderException(Object(yii\web\HeadersAlreadySentException))
#3 [internal function]: yii\base\ErrorHandler->handleException(Object(yii\web\HeadersAlreadySentException))
#4 {main}
Previous exception:
yii\web\HeadersAlreadySentException: Headers already sent in C:\dev\projects\blog\frontend\modules\api\controllers\PostController.php on line 52. in C:\dev\projects\blog\vendor\yiisoft\yii2\web\Response.php:366
Stack trace:
#0 C:\dev\projects\blog\vendor\yiisoft\yii2\web\Response.php(339): yii\web\Response->sendHeaders()
#1 C:\dev\projects\blog\vendor\yiisoft\yii2\base\Application.php(392): yii\web\Response->send()
#2 C:\dev\projects\blog\frontend\web\index.php(17): yii\base\Application->run()
#3 {main}
$_SERVER = [
    'ALLUSERSPROFILE' => 'C:\\ProgramData',
    'AMDAPPSDKROOT' => 'C:\\Program Files (x86)\\AMD APP\\',
    'APPDATA' => 'C:\\Users\\User\\AppData\\Roaming',
    'CommonProgramFiles' => 'C:\\Program Files\\Common Files',
    'CommonProgramFiles(x86)' => 'C:\\Program Files (x86)\\Common Files',
    'CommonProgramW6432' => 'C:\\Program Files\\Common Files',
    'COMPUTERNAME' => 'WIN-R208291RN9K',
    'ComSpec' => 'C:\\Windows\\system32\\cmd.exe',
    'EQ_LIBRARY_PATH' => 'C:\\Users\\User\\gcc\\x86_64-w64-mingw32\\lib',
    'FARHOME' => 'C:\\Program Files (x86)\\Far',
    'FARLANG' => 'English',
    'FARLOCALPROFILE' => 'C:\\Users\\User\\AppData\\Local\\Far Manager\\Profile',
    'FARPR
2020/10/10 06:09:54 [error] 8364#8356: *1229 FastCGI sent in stderr: "ndows\\System32\\WindowsPowerShell\\v1.0\\;C:\\Program Files (x86)\\ATI Technologies\\ATI.ACE\\Core-Static;C:\\Program Files\\TortoiseGit\\bin;C:\\ProgramData\\ComposerSetup\\bin;C:\\Program Files\\Git\\cmd;C:\\Program Files\\Git\\mingw64\\bin;C:\\Program Files\\Git\\usr\\bin;C:\\dev\\mysql-8.0.18\\bin;C:\\Program Files (x86)\\Microsoft SQL Server\\150\\DTS\\Binn\\;C:\\Program Files\\MySQL\\MySQL Shell 8.0\\bin\\;C:\\Users\\User\\AppData\\Local\\Microsoft\\WindowsApps;C:\\Program Files\\heroku\\bin;C:\\Users\\User\\AppData\\Roaming\\Composer\\vendor\\bin;C:\\Users\\User\\AppData\\Local\\Programs\\Microsoft VS Code\\bin;C:\\Users\\User\\AppData\\Local\\GitHubDesktop\\bin;C:\\dev\\php7.4.8;C:\\Program Files\\JetBrains\\PhpStorm 2020.2.2\\bin;;C:\\Program Files\\MySQL\\MySQL Server 5.7\\bin;',
    'PATHEXT' => '.COM;.EXE;.BAT;.CMD;.VBS;.VBE;.JS;.JSE;.WSF;.WSH;.MSC',
    'PhpStorm' => 'C:\\Program Files\\JetBrains\\PhpStorm 2020.2.2\\bin;',
    'PROCESSOR_ARCHITECTURE' => 'AMD64',
    'PROCESSOR_IDENTIFIER' => 'Intel64 Family 6 Model 42 Stepping 7, GenuineIntel',
    'PROCESSOR_LEVEL' => '6',
    'PROCESSOR_REVISION' => '2a07',
    'ProgramData' => 'C:\\ProgramData',
    'ProgramFiles' => 'C:\\Program Files',
    'ProgramFiles(x86)' => 'C:\\Program Files (x86)',
    'ProgramW6432' => 'C:\\Program Files',
    'PROMPT' => '$P$G',
    'PSModulePath' => 'C:\\Program Files\\WindowsPowerShell\\Modules;C:\\Windows\\system32\\WindowsPowerShell\\v1.0\\Modules',
    'PUBLIC' => 'C:\\Users\\Public',
    'SESSIONNAME' => 'Console',
    'SystemDrive' => 'C:',
    'SystemRoot' => 'C:\\Windows',
    'TEMP' => 'C:\\Users\\User\\AppData\\Local\\Temp',
    'TMP' => 'C:\\Users\\User\\AppData\\Local\\Temp',
    'USERDOMAIN' => 'WIN-R208291RN9K',
    'USERDOMAIN_ROAMINGPROFILE' => 'WIN-R208291RN9K',
    'USERNAME' => 'User',
    'USERPROFILE' => 'C:\\Users\\User',
    'VS160COMCOMNTOOLS' => 'C:\\Program Files (x86)\\Microsoft Visual Studio\\2019\\Community\\Common7\\
2020/10/10 21:27:08 [error] 8364#8356: *1302 FastCGI sent in stderr: "An Error occurred while handling another error:
yii\web\HeadersAlreadySentException: Headers already sent in C:\dev\projects\blog\frontend\modules\api\controllers\PostController.php on line 78. in C:\dev\projects\blog\vendor\yiisoft\yii2\web\Response.php:366
Stack trace:
#0 C:\dev\projects\blog\vendor\yiisoft\yii2\web\Response.php(339): yii\web\Response->sendHeaders()
#1 C:\dev\projects\blog\vendor\yiisoft\yii2\web\ErrorHandler.php(136): yii\web\Response->send()
#2 C:\dev\projects\blog\vendor\yiisoft\yii2\base\ErrorHandler.php(135): yii\web\ErrorHandler->renderException(Object(yii\web\HeadersAlreadySentException))
#3 [internal function]: yii\base\ErrorHandler->handleException(Object(yii\web\HeadersAlreadySentException))
#4 {main}
Previous exception:
yii\web\HeadersAlreadySentException: Headers already sent in C:\dev\projects\blog\frontend\modules\api\controllers\PostController.php on line 78. in C:\dev\projects\blog\vendor\yiisoft\yii2\web\Response.php:366
Stack trace:
#0 C:\dev\projects\blog\vendor\yiisoft\yii2\web\Response.php(339): yii\web\Response->sendHeaders()
#1 C:\dev\projects\blog\vendor\yiisoft\yii2\base\Application.php(392): yii\web\Response->send()
#2 C:\dev\projects\blog\frontend\web\index.php(17): yii\base\Application->run()
#3 {main}
$_SERVER = [
    'ALLUSERSPROFILE' => 'C:\\ProgramData',
    'AMDAPPSDKROOT' => 'C:\\Program Files (x86)\\AMD APP\\',
    'APPDATA' => 'C:\\Users\\User\\AppData\\Roaming',
    'CommonProgramFiles' => 'C:\\Program Files\\Common Files',
    'CommonProgramFiles(x86)' => 'C:\\Program Files (x86)\\Common Files',
    'CommonProgramW6432' => 'C:\\Program Files\\Common Files',
    'COMPUTERNAME' => 'WIN-R208291RN9K',
    'ComSpec' => 'C:\\Windows\\system32\\cmd.exe',
    'EQ_LIBRARY_PATH' => 'C:\\Users\\User\\gcc\\x86_64-w64-mingw32\\lib',
    'FARHOME' => 'C:\\Program Files (x86)\\Far',
    'FARLANG' => 'English',
    'FARLOCALPROFILE' => 'C:\\Users\\User\\AppData\\Local\\Far Manager\\Profile',
    'FARPR
2020/10/10 21:27:08 [error] 8364#8356: *1302 FastCGI sent in stderr: "\\\\WIN-R208291RN9K',
    'NUMBER_OF_PROCESSORS' => '4',
    'OneDrive' => 'C:\\Users\\User\\OneDrive',
    'OS' => 'Windows_NT',
    'Path' => 'C:\\dev\\php7.4.8;C:\\Users\\User\\gcc\\bin;C:\\Users\\User\\gcc\\libexec\\gcc\\x86_64-w64-mingw32\\9.2.0;C:\\Program Files (x86)\\AMD APP\\bin\\x86_64;C:\\Program Files (x86)\\AMD APP\\bin\\x86;C:\\Windows\\system32;C:\\Windows;C:\\Windows\\System32\\Wbem;C:\\Windows\\System32\\WindowsPowerShell\\v1.0\\;C:\\Program Files (x86)\\ATI Technologies\\ATI.ACE\\Core-Static;C:\\Program Files\\TortoiseGit\\bin;C:\\ProgramData\\ComposerSetup\\bin;C:\\Program Files\\Git\\cmd;C:\\Program Files\\Git\\mingw64\\bin;C:\\Program Files\\Git\\usr\\bin;C:\\dev\\mysql-8.0.18\\bin;C:\\Program Files (x86)\\Microsoft SQL Server\\150\\DTS\\Binn\\;C:\\Program Files\\MySQL\\MySQL Shell 8.0\\bin\\;C:\\Users\\User\\AppData\\Local\\Microsoft\\WindowsApps;C:\\Program Files\\heroku\\bin;C:\\Users\\User\\AppData\\Roaming\\Composer\\vendor\\bin;C:\\Users\\User\\AppData\\Local\\Programs\\Microsoft VS Code\\bin;C:\\Users\\User\\AppData\\Local\\GitHubDesktop\\bin;C:\\dev\\php7.4.8;C:\\Program Files\\JetBrains\\PhpStorm 2020.2.2\\bin;;C:\\Program Files\\MySQL\\MySQL Server 5.7\\bin;',
    'PATHEXT' => '.COM;.EXE;.BAT;.CMD;.VBS;.VBE;.JS;.JSE;.WSF;.WSH;.MSC',
    'PhpStorm' => 'C:\\Program Files\\JetBrains\\PhpStorm 2020.2.2\\bin;',
    'PROCESSOR_ARCHITECTURE' => 'AMD64',
    'PRO" while reading upstream, client: 127.0.0.1, server: blog.localhost, request: "GET /api/post/get-all HTTP/1.1", upstream: "fastcgi://127.0.0.1:9123", host: "blog.localhost"
2020/10/10 21:27:08 [error] 8364#8356: *1302 FastCGI sent in stderr: "CESSOR_IDENTIFIER' => 'Intel64 Family 6 Model 42 Stepping 7, GenuineIntel',
    'PROCESSOR_LEVEL' => '6',
    'PROCESSOR_REVISION' => '2a07',
    'ProgramData' => 'C:\\ProgramData',
    'ProgramFiles' => 'C:\\Program Files',
    'ProgramFiles(x86)' => 'C:\\Program Files (x86)',
    'ProgramW6432' => 'C:\\Program Files',
    'PROMPT' => '$P$G',
    'PSModulePath' => 'C:\\Program Files\\WindowsPowerShell\\Modules;C:\\Windows\\system32\\WindowsPowerShell\\v1.0\\Modules',
    'PUBLIC' => 'C:\\Users\\Public',
    'SESSIONNAME' => 'Console',
    'SystemDrive' => 'C:',
    'SystemRoot' => 'C:\\Windows',
    'TEMP' => 'C:\\Users\\User\\AppData\\Local\\Temp',
    'TMP' => 'C:\\Users\\User\\AppData\\Local\\Temp',
    'USERDOMAIN' => 'WIN-R208291RN9K',
    'USERDOMAIN_ROAMINGPROFILE' => 'WIN-R208291RN9K',
    'USERNAME' => 'User',
    'USERPROFILE' => 'C:\\Users\\User',
    'VS160COMCOMNTOOLS' => 'C:\\Program Files (x86)\\Microsoft Visual Studio\\2019\\Community\\Common7\\Tools\\',
    'windir' => 'C:\\Windows',
    'HTTP_CONTENT_LENGTH' => '313',
    'HTTP_COOKIE' => 'advanced-frontend=jun39aqeg72o1csqtu4kgip4gq; _csrf-frontend=86661426bcd94465287e36714caa06d9d0355628bdc1bbf8f77af700f54a7a41a%3A2%3A%7Bi%3A0%3Bs%3A14%3A%22_csrf-frontend%22%3Bi%3A1%3Bs%3A32%3A%225M_oMfJnxgng7O7K8xiSRLQxqUFEFUb4%22%3B%7D',
    'HTTP_CONTENT_TYPE' => 'multipart/form-data; boundary=--------------------------792266617500248057614011',
    'HTTP_CONNECTION' => 'keep-alive',
    'HTTP_ACCEPT_ENCODING' => 'gzip, deflate, br',
    'HTTP_HOST' => 'blog.localhost',
    'HTTP_POSTMAN_TOKEN' => '89900d56-068d-4021-bc20-af7aa14f36a5',
    'HTTP_ACCEPT' => '*/*',
    'HTTP_USER_AGENT' => 'PostmanRuntime/7.26.5',
    'REDIRECT_STATUS' => '200',
    'SERVER_NAME' => 'blog.localhost',
    'SERVER_PORT' => '80',
    'SERVER_ADDR' => '127.0.0.1',
    'REMOTE_PORT' => '64080',
    'REMOTE_ADDR' => '127.0.0.1',
    'SERVER_SOFTWARE' => 'nginx/1.19.3',
    'GATEWAY_INTERFACE' => 'CGI/1.1',
  
2020/10/11 10:14:57 [error] 8364#8356: *1403 FastCGI sent in stderr: "PHP Fatal error:  Cannot redeclare app\modules\api\models\AccessToken::getUser() in C:\dev\projects\blog\frontend\modules\api\models\AccessToken.php on line 72" while reading response header from upstream, client: 127.0.0.1, server: blog.localhost, request: "GET /api/post/user?access_token=t26EX_8JGzoLHfuNJfyKBexBAynXV5lR&limit=1&offset=1 HTTP/1.1", upstream: "fastcgi://127.0.0.1:9123", host: "blog.localhost"
